<?xml version="1.0" encoding="UTF-8"?>
<!-- Generated by org.testng.reporters.JUnitReportReporter -->
<testsuite skipped="0" hostname="BSIKAPUNVM1" name="com.tests.OrangeHRMTest" tests="1" failures="0" timestamp="18 May 2021 18:53:48 GMT" time="6.324" errors="0">
  <testcase name="loginLogoutTest" time="6.324" classname="com.tests.OrangeHRMTest"/>
</testsuite> <!-- com.tests.OrangeHRMTest -->
