<?xml version="1.0" encoding="UTF-8"?>
<!-- Generated by org.testng.reporters.JUnitReportReporter -->
<testsuite skipped="0" hostname="BSIKAPUNVM1" name="com.tests.TestDataProvide" tests="5" failures="0" timestamp="16 May 2021 08:42:17 GMT" time="0.025" errors="0">
  <testcase name="test2" time="0.004" classname="com.tests.TestDataProvide"/>
  <testcase name="test2" time="0.004" classname="com.tests.TestDataProvide"/>
  <testcase name="test2" time="0.004" classname="com.tests.TestDataProvide"/>
  <testcase name="test1" time="0.011" classname="com.tests.TestDataProvide"/>
  <testcase name="test1" time="0.002" classname="com.tests.TestDataProvide"/>
</testsuite> <!-- com.tests.TestDataProvide -->
