<?xml version="1.0" encoding="UTF-8"?>
<!-- Generated by org.testng.reporters.JUnitReportReporter -->
<testsuite skipped="0" hostname="BSIKAPUNVM1" name="com.common.qa.testcases.DCTQuickQuoteTest" tests="1" failures="0" timestamp="04 Aug 2021 10:07:46 GMT" time="66.948" errors="0">
  <testcase name="DCTQuickQuoteFlowTest" time="66.948" classname="com.common.qa.testcases.DCTQuickQuoteTest"/>
</testsuite> <!-- com.common.qa.testcases.DCTQuickQuoteTest -->
