<?xml version="1.0" encoding="UTF-8"?>
<!-- Generated by org.testng.reporters.JUnitReportReporter -->
<testsuite skipped="0" hostname="BSIKAPUNVM1" name="com.common.qa.testcases.DCTQuickQuoteTest2" tests="1" failures="0" timestamp="06 Aug 2021 07:31:19 GMT" time="60.245" errors="0">
  <testcase name="QuickQuoteFlowTest2" time="60.245" classname="com.common.qa.testcases.DCTQuickQuoteTest2"/>
</testsuite> <!-- com.common.qa.testcases.DCTQuickQuoteTest2 -->
