<?xml version="1.0" encoding="UTF-8"?>
<!-- Generated by org.testng.reporters.JUnitReportReporter -->
<testsuite skipped="0" hostname="BSIKAPUNVM1" name="com.tests.DatProviderWithExcel" tests="3" failures="0" timestamp="16 May 2021 15:55:17 GMT" time="0.042" errors="0">
  <testcase name="test2" time="0.033" classname="com.tests.DatProviderWithExcel"/>
  <testcase name="test2" time="0.002" classname="com.tests.DatProviderWithExcel"/>
  <testcase name="test2" time="0.007" classname="com.tests.DatProviderWithExcel"/>
</testsuite> <!-- com.tests.DatProviderWithExcel -->
