<?xml version="1.0" encoding="UTF-8"?>
<!-- Generated by org.testng.reporters.JUnitReportReporter -->
<testsuite skipped="0" hostname="BSIKAPUNVM1" name="com.tests.DCTQuickQuoteTest1" tests="1" failures="0" timestamp="10 Jun 2021 09:52:28 GMT" time="35.096" errors="0">
  <testcase name="loginLogoutTest" time="35.096" classname="com.tests.DCTQuickQuoteTest1"/>
</testsuite> <!-- com.tests.DCTQuickQuoteTest1 -->
