<?xml version="1.0" encoding="UTF-8"?>
<!-- Generated by org.testng.reporters.JUnitReportReporter -->
<testsuite skipped="0" hostname="BSIKAPUNVM1" name="com.common.qa.testcases.DCTQuickQuoteTest5" tests="1" failures="0" timestamp="11 Aug 2021 12:41:38 GMT" time="73.573" errors="0">
  <testcase name="QuickQuoteFlowTest5" time="73.573" classname="com.common.qa.testcases.DCTQuickQuoteTest5"/>
</testsuite> <!-- com.common.qa.testcases.DCTQuickQuoteTest5 -->
