<?xml version="1.0" encoding="UTF-8"?>
<!-- Generated by org.testng.reporters.JUnitReportReporter -->
<testsuite skipped="0" hostname="BSIKAPUNVM1" name="com.common.qa.testcases.DCTQuickQuoteTest1" tests="1" failures="0" timestamp="16 Jul 2021 14:12:47 GMT" time="67.705" errors="0">
  <testcase name="DCTQuickQuoteFlowTest1" time="67.705" classname="com.common.qa.testcases.DCTQuickQuoteTest1"/>
</testsuite> <!-- com.common.qa.testcases.DCTQuickQuoteTest1 -->
