<?xml version="1.0" encoding="UTF-8"?>
<!-- Generated by org.testng.reporters.JUnitReportReporter -->
<testsuite skipped="0" hostname="BSIKAPUNVM1" name="com.common.qa.testcases.DCTQuickQuoteTest3" tests="1" failures="0" timestamp="11 Aug 2021 09:54:26 GMT" time="68.087" errors="0">
  <testcase name="QuickQuoteFlowTest3" time="68.087" classname="com.common.qa.testcases.DCTQuickQuoteTest3"/>
</testsuite> <!-- com.common.qa.testcases.DCTQuickQuoteTest3 -->
