<?xml version="1.0" encoding="UTF-8"?>
<!-- Generated by org.testng.reporters.JUnitReportReporter -->
<testsuite skipped="0" hostname="BSIKAPUNVM1" name="com.common.qa.testcases.DCTQuickQuoteTest4" tests="1" failures="0" timestamp="10 Aug 2021 09:49:02 GMT" time="32.285" errors="1">
  <testcase name="QuickQuoteFlowTest4" time="32.285" classname="com.common.qa.testcases.DCTQuickQuoteTest4">
    <error type="org.openqa.selenium.ElementClickInterceptedException" message="element click intercepted: Element &lt;input id=&quot;f_lE54F651D5A464B72823F3AACAB32030B37_4_1-inputEl&quot; data-ref=&quot;inputEl&quot; type=&quot;text&quot; fieldref=&quot;LineUnderwritingInput.Underwriter&quot; objectref=&quot;lE54F651D5A464B72823F3AACAB32030B&quot; size=&quot;1&quot; name=&quot;f_lE54F651D5A464B72823F3AACAB32030B37_4_1-inputEl&quot; placeholder=&quot;(Select)&quot; aria-hidden=&quot;false&quot; aria-disabled=&quot;false&quot; role=&quot;combobox&quot; aria-haspopup=&quot;true&quot; aria-expanded=&quot;false&quot; aria-owns=&quot;f_lE54F651D5A464B72823F3AACAB32030B37_4_1-inputEl f_lE54F651D5A464B72823F3AACAB32030B37_4_1-picker-listEl&quot; aria-autocomplete=&quot;list&quot; aria-invalid=&quot;false&quot; aria-readonly=&quot;false&quot; aria-describedby=&quot;f_lE54F651D5A464B72823F3AACAB32030B37_4_1-ariaStatusEl&quot; aria-required=&quot;true&quot; class=&quot;x-form-field x-form-required-field x-form-text x-form-text-default &quot; autocomplete=&quot;off&quot; data-componentid=&quot;f_lE54F651D5A464B72823F3AACAB32030B37_4_1&quot;&gt; is not clickable at point (944, 405). Other element would receive the click: &lt;div id=&quot;workbenchToolbar-innerCt&quot; data-ref=&quot;innerCt&quot; role=&quot;presentation&quot; class=&quot;x-box-inner&quot; style=&quot;width: 1125px; height: 22px;&quot;&gt;...&lt;/div&gt;
  (Session info: chrome=92.0.4515.107)
Build info: version: &#039;3.141.59&#039;, revision: &#039;e82be7d358&#039;, time: &#039;2018-11-14T08:17:03&#039;
System info: host: &#039;BSIKAPUNVM1&#039;, ip: &#039;172.18.42.103&#039;, os.name: &#039;Windows 10&#039;, os.arch: &#039;amd64&#039;, os.version: &#039;10.0&#039;, java.version: &#039;1.8.0_221&#039;
Driver info: org.openqa.selenium.chrome.ChromeDriver
Capabilities {acceptInsecureCerts: false, browserName: chrome, browserVersion: 92.0.4515.107, chrome: {chromedriverVersion: 92.0.4515.43 (8c61b7e2989f2..., userDataDir: C:\Users\BSIKAR~1\AppData\L...}, goog:chromeOptions: {debuggerAddress: localhost:49593}, javascriptEnabled: true, networkConnectionEnabled: false, pageLoadStrategy: normal, platform: WINDOWS, platformName: WINDOWS, proxy: Proxy(), setWindowRect: true, strictFileInteractability: false, timeouts: {implicit: 0, pageLoad: 300000, script: 30000}, unhandledPromptBehavior: dismiss and notify, webauthn:extension:credBlob: true, webauthn:extension:largeBlob: true, webauthn:virtualAuthenticators: true}
Session ID: 40a0a7c094d0c751847eac0e46d8a2cb">
      <![CDATA[org.openqa.selenium.ElementClickInterceptedException: element click intercepted: Element <input id="f_lE54F651D5A464B72823F3AACAB32030B37_4_1-inputEl" data-ref="inputEl" type="text" fieldref="LineUnderwritingInput.Underwriter" objectref="lE54F651D5A464B72823F3AACAB32030B" size="1" name="f_lE54F651D5A464B72823F3AACAB32030B37_4_1-inputEl" placeholder="(Select)" aria-hidden="false" aria-disabled="false" role="combobox" aria-haspopup="true" aria-expanded="false" aria-owns="f_lE54F651D5A464B72823F3AACAB32030B37_4_1-inputEl f_lE54F651D5A464B72823F3AACAB32030B37_4_1-picker-listEl" aria-autocomplete="list" aria-invalid="false" aria-readonly="false" aria-describedby="f_lE54F651D5A464B72823F3AACAB32030B37_4_1-ariaStatusEl" aria-required="true" class="x-form-field x-form-required-field x-form-text x-form-text-default " autocomplete="off" data-componentid="f_lE54F651D5A464B72823F3AACAB32030B37_4_1"> is not clickable at point (944, 405). Other element would receive the click: <div id="workbenchToolbar-innerCt" data-ref="innerCt" role="presentation" class="x-box-inner" style="width: 1125px; height: 22px;">...</div>
  (Session info: chrome=92.0.4515.107)
Build info: version: '3.141.59', revision: 'e82be7d358', time: '2018-11-14T08:17:03'
System info: host: 'BSIKAPUNVM1', ip: '172.18.42.103', os.name: 'Windows 10', os.arch: 'amd64', os.version: '10.0', java.version: '1.8.0_221'
Driver info: org.openqa.selenium.chrome.ChromeDriver
Capabilities {acceptInsecureCerts: false, browserName: chrome, browserVersion: 92.0.4515.107, chrome: {chromedriverVersion: 92.0.4515.43 (8c61b7e2989f2..., userDataDir: C:\Users\BSIKAR~1\AppData\L...}, goog:chromeOptions: {debuggerAddress: localhost:49593}, javascriptEnabled: true, networkConnectionEnabled: false, pageLoadStrategy: normal, platform: WINDOWS, platformName: WINDOWS, proxy: Proxy(), setWindowRect: true, strictFileInteractability: false, timeouts: {implicit: 0, pageLoad: 300000, script: 30000}, unhandledPromptBehavior: dismiss and notify, webauthn:extension:credBlob: true, webauthn:extension:largeBlob: true, webauthn:virtualAuthenticators: true}
Session ID: 40a0a7c094d0c751847eac0e46d8a2cb
at sun.reflect.NativeConstructorAccessorImpl.newInstance0(Native Method)
at sun.reflect.NativeConstructorAccessorImpl.newInstance(NativeConstructorAccessorImpl.java:62)
at sun.reflect.DelegatingConstructorAccessorImpl.newInstance(DelegatingConstructorAccessorImpl.java:45)
at java.lang.reflect.Constructor.newInstance(Constructor.java:423)
at org.openqa.selenium.remote.http.W3CHttpResponseCodec.createException(W3CHttpResponseCodec.java:187)
at org.openqa.selenium.remote.http.W3CHttpResponseCodec.decode(W3CHttpResponseCodec.java:122)
at org.openqa.selenium.remote.http.W3CHttpResponseCodec.decode(W3CHttpResponseCodec.java:49)
at org.openqa.selenium.remote.HttpCommandExecutor.execute(HttpCommandExecutor.java:158)
at org.openqa.selenium.remote.service.DriverCommandExecutor.execute(DriverCommandExecutor.java:83)
at org.openqa.selenium.remote.RemoteWebDriver.execute(RemoteWebDriver.java:552)
at org.openqa.selenium.remote.RemoteWebElement.execute(RemoteWebElement.java:285)
at org.openqa.selenium.remote.RemoteWebElement.click(RemoteWebElement.java:84)
at com.framework.pages.BasePage.sendKeysWithEnter(BasePage.java:57)
at com.framework.pages.GeneralScreenPage.enterQuickQuoteGenearlInfo(GeneralScreenPage.java:89)
at com.common.qa.testcases.DCTQuickQuoteTest4.QuickQuoteFlowTest4(DCTQuickQuoteTest4.java:36)
at sun.reflect.NativeMethodAccessorImpl.invoke0(Native Method)
at sun.reflect.NativeMethodAccessorImpl.invoke(NativeMethodAccessorImpl.java:62)
at sun.reflect.DelegatingMethodAccessorImpl.invoke(DelegatingMethodAccessorImpl.java:43)
at java.lang.reflect.Method.invoke(Method.java:498)
at org.testng.internal.MethodInvocationHelper.invokeMethod(MethodInvocationHelper.java:124)
at org.testng.internal.Invoker.invokeMethod(Invoker.java:583)
at org.testng.internal.Invoker.invokeTestMethod(Invoker.java:719)
at org.testng.internal.TestMethodWithDataProviderMethodWorker.call(TestMethodWithDataProviderMethodWorker.java:71)
at org.testng.internal.TestMethodWithDataProviderMethodWorker.call(TestMethodWithDataProviderMethodWorker.java:14)
at java.util.concurrent.FutureTask.run(FutureTask.java:266)
at java.util.concurrent.Executors$RunnableAdapter.call(Executors.java:511)
at java.util.concurrent.FutureTask.run(FutureTask.java:266)
at java.util.concurrent.ThreadPoolExecutor.runWorker(ThreadPoolExecutor.java:1149)
at java.util.concurrent.ThreadPoolExecutor$Worker.run(ThreadPoolExecutor.java:624)
at java.lang.Thread.run(Thread.java:748)
]]>
    </error>
  </testcase> <!-- QuickQuoteFlowTest4 -->
</testsuite> <!-- com.common.qa.testcases.DCTQuickQuoteTest4 -->
