<?xml version="1.0" encoding="UTF-8"?>
<!-- Generated by org.testng.reporters.JUnitReportReporter -->
<testsuite skipped="0" hostname="BSIKAPUNVM1" name="com.tests.LoginPageTest" tests="1" failures="0" timestamp="13 May 2021 18:33:44 GMT" time="9.322" errors="0">
  <testcase name="test1" time="9.322" classname="com.tests.LoginPageTest"/>
</testsuite> <!-- com.tests.LoginPageTest -->
