<?xml version="1.0" encoding="UTF-8"?>
<!-- Generated by org.testng.reporters.JUnitReportReporter -->
<testsuite skipped="0" hostname="BSIKAPUNVM1" name="com.common.qa.testcases.DCTQuickQuoteTest1" tests="1" failures="0" timestamp="06 Aug 2021 07:21:08 GMT" time="81.933" errors="0">
  <testcase name="QuickQuoteFlowTest1" time="81.933" classname="com.common.qa.testcases.DCTQuickQuoteTest1"/>
</testsuite> <!-- com.common.qa.testcases.DCTQuickQuoteTest1 -->
