<?xml version="1.0" encoding="UTF-8"?>
<!-- Generated by org.testng.reporters.JUnitReportReporter -->
<testsuite skipped="0" hostname="BSIKAPUNVM1" name="com.common.qa.testcases.DCTQuickQuoteTest6" tests="1" failures="0" timestamp="11 Aug 2021 15:32:33 GMT" time="37.727" errors="0">
  <testcase name="QuickQuoteFlowTest6" time="37.727" classname="com.common.qa.testcases.DCTQuickQuoteTest6"/>
</testsuite> <!-- com.common.qa.testcases.DCTQuickQuoteTest6 -->
