<?xml version="1.0" encoding="UTF-8"?>
<!-- Generated by org.testng.reporters.JUnitReportReporter -->
<testsuite skipped="0" hostname="BSIKAPUNVM1" name="com.common.qa.testcases.DCTQuickQuoteTest3" tests="1" failures="0" timestamp="06 Aug 2021 07:21:08 GMT" time="63.079" errors="0">
  <testcase name="QuickQuoteFlowTest3" time="63.079" classname="com.common.qa.testcases.DCTQuickQuoteTest3"/>
</testsuite> <!-- com.common.qa.testcases.DCTQuickQuoteTest3 -->
