<?xml version="1.0" encoding="UTF-8"?>
<!-- Generated by org.testng.reporters.JUnitReportReporter -->
<testsuite skipped="0" hostname="BSIKAPUNVM1" name="com.common.qa.testcases.DCTQuickQuoteTest4" tests="1" failures="0" timestamp="06 Aug 2021 13:00:23 GMT" time="59.593" errors="0">
  <testcase name="QuickQuoteFlowTest4" time="59.593" classname="com.common.qa.testcases.DCTQuickQuoteTest4"/>
</testsuite> <!-- com.common.qa.testcases.DCTQuickQuoteTest4 -->
